\BOOKMARK [0][-]{section*.1}{\376\377\000S\000O\000M\000M\000A\000I\000R\000E}{}% 1
\BOOKMARK [0][-]{section*.3}{\376\377\000T\000A\000B\000L\000E\000\040\000D\000E\000S\000\040\000I\000L\000L\000U\000S\000T\000R\000A\000T\000I\000O\000N\000S}{}% 2
\BOOKMARK [0][-]{section*.5}{\376\377\000R\000\311\000S\000U\000M\000\311}{}% 3
\BOOKMARK [0][-]{chapter.1}{\376\377\000I\000N\000T\000R\000O\000D\000U\000C\000T\000I\000O\000N}{}% 4
\BOOKMARK [1][-]{subsection.1.0.1}{\376\377\000A\000n\000a\000l\000y\000s\000e\000\040\000d\000e\000s\000\040\000s\000o\000u\000r\000c\000e\000s\000\040\000e\000t\000\040\000i\000m\000p\000a\000c\000t\000s\000\040\000d\000e\000\040\000l\000a\000\040\000p\000o\000l\000l\000u\000t\000i\000o\000n}{chapter.1}% 5
\BOOKMARK [2][-]{subsection.1.0.2}{\376\377\000I\000n\000t\000e\000l\000l\000i\000g\000e\000n\000c\000e\000\040\000A\000r\000t\000i\000f\000i\000c\000i\000e\000l\000l\000e\000\040\000e\000t\000\040\000A\000p\000p\000r\000e\000n\000t\000i\000s\000s\000a\000g\000e\000\040\000P\000r\000o\000f\000o\000n\000d}{subsection.1.0.1}% 6
\BOOKMARK [2][-]{subsection.1.0.3}{\376\377\000A\000p\000p\000l\000i\000c\000a\000t\000i\000o\000n\000s\000\040\000d\000e\000\040\000l\000'\000I\000A\000\040\000e\000t\000\040\000d\000e\000\040\000l\000'\000A\000p\000p\000r\000e\000n\000t\000i\000s\000s\000a\000g\000e\000\040\000P\000r\000o\000f\000o\000n\000d}{subsection.1.0.1}% 7
\BOOKMARK [0][-]{chapter.2}{\376\377\000L\000E\000\040\000R\000E\000V\000U\000E\000\040\000D\000E\000\040\000L\000I\000T\000T\000\311\000R\000A\000T\000U\000R\000E\000S}{}% 8
\BOOKMARK [1][-]{section.2.1}{\376\377\000L\000'\000i\000n\000t\000\351\000g\000r\000a\000t\000i\000o\000n\000\040\000d\000e\000\040\000l\000'\000I\000A\000\040\000p\000o\000u\000r\000\040\000l\000u\000t\000t\000e\000r\000\040\000c\000o\000n\000t\000r\000e\000\040\000l\000a\000\040\000p\000o\000l\000l\000u\000t\000i\000o\000n}{chapter.2}% 9
\BOOKMARK [2][-]{subsection.2.1.1}{\376\377\000U\000n\000e\000\040\000a\000p\000p\000r\000o\000c\000h\000e\000\040\000p\000r\000\351\000v\000e\000n\000t\000i\000v\000e\000\040\000\351\000c\000o\000n\000o\000m\000i\000q\000u\000e\000m\000e\000n\000t\000\040\000v\000i\000a\000b\000l\000e}{section.2.1}% 10
\BOOKMARK [2][-]{subsection.2.1.2}{\376\377\000E\000x\000e\000m\000p\000l\000e\000s\000\040\000d\000'\000a\000p\000p\000l\000i\000c\000a\000t\000i\000o\000n\000s\000\040\000d\000e\000\040\000l\000'\000I\000A\000\040\000d\000a\000n\000s\000\040\000l\000a\000\040\000l\000u\000t\000t\000e\000\040\000a\000n\000t\000i\000-\000p\000o\000l\000l\000u\000t\000i\000o\000n}{section.2.1}% 11
\BOOKMARK [1][-]{section.2.2}{\376\377\000C\000o\000n\000c\000l\000u\000s\000i\000o\000n}{chapter.2}% 12
\BOOKMARK [0][-]{chapter.3}{\376\377\000C\000O\000N\000S\000I\000D\000\311\000R\000A\000T\000I\000O\000N\000S\000\040\000M\000\311\000T\000H\000O\000L\000O\000G\000I\000Q\000U\000E\000S}{}% 13
\BOOKMARK [1][-]{section.3.1}{\376\377\000I\000n\000t\000r\000o\000d\000u\000c\000t\000i\000o\000n}{chapter.3}% 14
\BOOKMARK [1][-]{section.3.2}{\376\377\000E\000n\000v\000i\000r\000o\000n\000n\000e\000m\000e\000n\000t\000\040\000d\000e\000\040\000d\000\351\000v\000e\000l\000o\000p\000p\000e\000m\000e\000n\000t}{chapter.3}% 15
\BOOKMARK [2][-]{subsection.3.2.1}{\376\377\000L\000a\000n\000g\000a\000g\000e\000s\000\040\000e\000t\000\040\000f\000r\000a\000m\000e\000w\000o\000r\000k\000s\000\040\000u\000t\000i\000l\000i\000s\000\351\000s}{section.3.2}% 16
\BOOKMARK [2][-]{subsection.3.2.2}{\376\377\000E\000n\000v\000i\000r\000o\000n\000n\000e\000m\000e\000n\000t\000\040\000m\000a\000t\000\351\000r\000i\000e\000l}{section.3.2}% 17
\BOOKMARK [1][-]{section.3.3}{\376\377\000P\000r\000o\000b\000l\000\351\000m\000a\000t\000i\000q\000u\000e\000\040\000e\000t\000\040\000M\000o\000t\000i\000v\000a\000t\000i\000o\000n}{chapter.3}% 18
\BOOKMARK [0][-]{chapter.4}{\376\377\000L\000A\000\040\000D\000I\000S\000C\000U\000S\000S\000I\000O\000N\000\040\000D\000E\000S\000\040\000R\000\311\000S\000U\000L\000T\000A\000T\000S}{}% 19
\BOOKMARK [0][-]{chapter.5}{\376\377\000C\000O\000N\000C\000L\000U\000S\000I\000O\000N}{}% 20
\BOOKMARK [0][-]{section*.7}{\376\377\000L\000I\000S\000T\000E\000\040\000D\000E\000S\000\040\000S\000O\000U\000R\000C\000E\000S}{}% 21
\BOOKMARK [0][-]{section*.9}{\376\377\000I\000N\000D\000E\000X}{}% 22
\BOOKMARK [0][-]{section*.10}{\376\377\000B\000I\000B\000L\000I\000O\000G\000R\000A\000P\000H\000I\000E}{}% 23
\BOOKMARK [0][-]{appendix*.12}{\376\377\000A\000N\000N\000E\000X\000E\000S}{}% 24
\BOOKMARK [0][-]{section*.13}{\376\377\000R\000\311\000S\000U\000M\000\311\000\040\000F\000I\000N\000A\000L}{}% 25
